[
  {
    "line": 1,
    "elements": [
      {
        "before": [
          {
            "result": {
              "duration": 7150304400,
              "status": "passed"
            },
            "match": {
              "location": "Hook.InitializeTest(Scenario)"
            }
          }
        ],
        "line": 5,
        "name": "Verify that the user can enter Valid URL",
        "description": "",
        "id": "sign-in-module;verify-that-the-user-can-enter-valid-url",
        "type": "scenario",
        "keyword": "Scenario",
        "steps": [
          {
            "result": {
              "duration": 3221841300,
              "status": "passed"
            },
            "line": 6,
            "name": "user enter the correct URL",
            "match": {
              "location": "SignInSD.userEnterTheCorrectURL()"
            },
            "keyword": "Given "
          }
        ],
        "tags": [
          {
            "line": 4,
            "name": "@A_LoginUrl"
          }
        ]
      },
      {
        "line": 9,
        "name": "Verify that the user can Sign In through valid Email Address and Password",
        "description": "",
        "id": "sign-in-module;verify-that-the-user-can-sign-in-through-valid-email-address-and-password",
        "type": "scenario",
        "keyword": "Scenario",
        "steps": [
          {
            "result": {
              "duration": 255500,
              "status": "passed"
            },
            "line": 10,
            "name": "user is on the Sign In Screen",
            "match": {
              "location": "SignInSD.userIsOnTheSignInScreen()"
            },
            "keyword": "Given "
          },
          {
            "result": {
              "duration": 7341948600,
              "error_message": "org.openqa.selenium.TimeoutException: Expected condition failed: waiting for presence of element located by: By.id: Cell Value is null (tried for 6 second(s) with 500 milliseconds interval)\r\n\tat org.openqa.selenium.support.ui.WebDriverWait.timeoutException(WebDriverWait.java:95)\r\n\tat org.openqa.selenium.support.ui.FluentWait.until(FluentWait.java:272)\r\n\tat Pages.SignInPage.waitForSignInButton(SignInPage.java:41)\r\n\tat Steps.SignInSD.userClickOnTheSignInButton(SignInSD.java:26)\r\n\tat âœ½.When user click on the Sign In Button(A_SignIn.feature:11)\r\nCaused by: org.openqa.selenium.NoSuchElementException: no such element: Unable to locate element: {\"method\":\"css selector\",\"selector\":\"#Cell\\ Value\\ is\\ null\"}\n  (Session info: chrome\u003d83.0.4103.106)\nFor documentation on this error, please visit: https://www.seleniumhq.org/exceptions/no_such_element.html\nBuild info: version: \u00273.141.59\u0027, revision: \u0027e82be7d358\u0027, time: \u00272018-11-14T08:17:03\u0027\nSystem info: host: \u0027SHAHZAIB-KHAN\u0027, ip: \u0027192.168.10.4\u0027, os.name: \u0027Windows 10\u0027, os.arch: \u0027amd64\u0027, os.version: \u002710.0\u0027, java.version: \u002713.0.2\u0027\nDriver info: org.openqa.selenium.chrome.ChromeDriver\nCapabilities {acceptInsecureCerts: false, browserName: chrome, browserVersion: 83.0.4103.106, chrome: {chromedriverVersion: 83.0.4103.39 (ccbf011cb2d2b..., userDataDir: C:\\Users\\cc\\AppData\\Local\\T...}, goog:chromeOptions: {debuggerAddress: localhost:57187}, javascriptEnabled: true, networkConnectionEnabled: false, pageLoadStrategy: normal, platform: WINDOWS, platformName: WINDOWS, proxy: Proxy(), setWindowRect: true, strictFileInteractability: false, timeouts: {implicit: 0, pageLoad: 300000, script: 30000}, unhandledPromptBehavior: dismiss and notify, webauthn:virtualAuthenticators: true}\nSession ID: 93ecae8c77560ff0a16c18e8873fdce9\n*** Element info: {Using\u003did, value\u003dCell Value is null}\r\n\tat java.base/jdk.internal.reflect.NativeConstructorAccessorImpl.newInstance0(Native Method)\r\n\tat java.base/jdk.internal.reflect.NativeConstructorAccessorImpl.newInstance(NativeConstructorAccessorImpl.java:62)\r\n\tat java.base/jdk.internal.reflect.DelegatingConstructorAccessorImpl.newInstance(DelegatingConstructorAccessorImpl.java:45)\r\n\tat java.base/java.lang.reflect.Constructor.newInstanceWithCaller(Constructor.java:500)\r\n\tat java.base/java.lang.reflect.Constructor.newInstance(Constructor.java:481)\r\n\tat org.openqa.selenium.remote.http.W3CHttpResponseCodec.createException(W3CHttpResponseCodec.java:187)\r\n\tat org.openqa.selenium.remote.http.W3CHttpResponseCodec.decode(W3CHttpResponseCodec.java:122)\r\n\tat org.openqa.selenium.remote.http.W3CHttpResponseCodec.decode(W3CHttpResponseCodec.java:49)\r\n\tat org.openqa.selenium.remote.HttpCommandExecutor.execute(HttpCommandExecutor.java:158)\r\n\tat org.openqa.selenium.remote.service.DriverCommandExecutor.execute(DriverCommandExecutor.java:83)\r\n\tat org.openqa.selenium.remote.RemoteWebDriver.execute(RemoteWebDriver.java:552)\r\n\tat org.openqa.selenium.remote.RemoteWebDriver.findElement(RemoteWebDriver.java:323)\r\n\tat org.openqa.selenium.remote.RemoteWebDriver.findElementById(RemoteWebDriver.java:372)\r\n\tat org.openqa.selenium.By$ById.findElement(By.java:188)\r\n\tat org.openqa.selenium.remote.RemoteWebDriver.findElement(RemoteWebDriver.java:315)\r\n\tat org.openqa.selenium.support.ui.ExpectedConditions$6.apply(ExpectedConditions.java:182)\r\n\tat org.openqa.selenium.support.ui.ExpectedConditions$6.apply(ExpectedConditions.java:179)\r\n\tat org.openqa.selenium.support.ui.FluentWait.until(FluentWait.java:249)\r\n\tat Pages.SignInPage.waitForSignInButton(SignInPage.java:41)\r\n\tat Steps.SignInSD.userClickOnTheSignInButton(SignInSD.java:26)\r\n\tat java.base/jdk.internal.reflect.NativeMethodAccessorImpl.invoke0(Native Method)\r\n\tat java.base/jdk.internal.reflect.NativeMethodAccessorImpl.invoke(NativeMethodAccessorImpl.java:62)\r\n\tat java.base/jdk.internal.reflect.DelegatingMethodAccessorImpl.invoke(DelegatingMethodAccessorImpl.java:43)\r\n\tat java.base/java.lang.reflect.Method.invoke(Method.java:567)\r\n\tat cucumber.runtime.Utils$1.call(Utils.java:40)\r\n\tat cucumber.runtime.Timeout.timeout(Timeout.java:16)\r\n\tat cucumber.runtime.Utils.invoke(Utils.java:34)\r\n\tat cucumber.runtime.java.JavaStepDefinition.execute(JavaStepDefinition.java:38)\r\n\tat cucumber.runtime.StepDefinitionMatch.runStep(StepDefinitionMatch.java:37)\r\n\tat cucumber.runtime.Runtime.runStep(Runtime.java:300)\r\n\tat cucumber.runtime.model.StepContainer.runStep(StepContainer.java:44)\r\n\tat cucumber.runtime.model.StepContainer.runSteps(StepContainer.java:39)\r\n\tat cucumber.runtime.model.CucumberScenario.run(CucumberScenario.java:44)\r\n\tat cucumber.runtime.model.CucumberFeature.run(CucumberFeature.java:165)\r\n\tat cucumber.api.testng.TestNGCucumberRunner.runCucumber(TestNGCucumberRunner.java:63)\r\n\tat cucumber.api.testng.AbstractTestNGCucumberTests.feature(AbstractTestNGCucumberTests.java:21)\r\n\tat java.base/jdk.internal.reflect.NativeMethodAccessorImpl.invoke0(Native Method)\r\n\tat java.base/jdk.internal.reflect.NativeMethodAccessorImpl.invoke(NativeMethodAccessorImpl.java:62)\r\n\tat java.base/jdk.internal.reflect.DelegatingMethodAccessorImpl.invoke(DelegatingMethodAccessorImpl.java:43)\r\n\tat java.base/java.lang.reflect.Method.invoke(Method.java:567)\r\n\tat org.testng.internal.MethodInvocationHelper.invokeMethod(MethodInvocationHelper.java:124)\r\n\tat org.testng.internal.Invoker.invokeMethod(Invoker.java:583)\r\n\tat org.testng.internal.Invoker.invokeTestMethod(Invoker.java:719)\r\n\tat org.testng.internal.Invoker.invokeTestMethods(Invoker.java:989)\r\n\tat org.testng.internal.TestMethodWorker.invokeTestMethods(TestMethodWorker.java:125)\r\n\tat org.testng.internal.TestMethodWorker.run(TestMethodWorker.java:109)\r\n\tat org.testng.TestRunner.privateRun(TestRunner.java:648)\r\n\tat org.testng.TestRunner.run(TestRunner.java:505)\r\n\tat org.testng.SuiteRunner.runTest(SuiteRunner.java:455)\r\n\tat org.testng.SuiteRunner.runSequentially(SuiteRunner.java:450)\r\n\tat org.testng.SuiteRunner.privateRun(SuiteRunner.java:415)\r\n\tat org.testng.SuiteRunner.run(SuiteRunner.java:364)\r\n\tat org.testng.SuiteRunnerWorker.runSuite(SuiteRunnerWorker.java:52)\r\n\tat org.testng.SuiteRunnerWorker.run(SuiteRunnerWorker.java:84)\r\n\tat org.testng.TestNG.runSuitesSequentially(TestNG.java:1208)\r\n\tat org.testng.TestNG.runSuitesLocally(TestNG.java:1137)\r\n\tat org.testng.TestNG.runSuites(TestNG.java:1049)\r\n\tat org.testng.TestNG.run(TestNG.java:1017)\r\n\tat com.intellij.rt.testng.IDEARemoteTestNG.run(IDEARemoteTestNG.java:66)\r\n\tat com.intellij.rt.testng.RemoteTestNGStarter.main(RemoteTestNGStarter.java:110)\r\n",
              "status": "failed"
            },
            "line": 11,
            "name": "user click on the Sign In Button",
            "match": {
              "location": "SignInSD.userClickOnTheSignInButton()"
            },
            "keyword": "When "
          },
          {
            "result": {
              "status": "skipped"
            },
            "line": 12,
            "name": "user enter valid email address",
            "match": {
              "location": "SignInSD.userEnterValidEmailAddress()"
            },
            "keyword": "When "
          },
          {
            "result": {
              "status": "skipped"
            },
            "line": 13,
            "name": "user enter valid password",
            "match": {
              "location": "SignInSD.userEnterValidPassword()"
            },
            "keyword": "And "
          },
          {
            "result": {
              "status": "skipped"
            },
            "line": 14,
            "name": "user click on the Sign In Submit button",
            "match": {
              "location": "SignInSD.userClickOnTheSignInSubmitButton()"
            },
            "keyword": "Then "
          }
        ],
        "tags": [
          {
            "line": 8,
            "name": "@B_ValidSignIn"
          }
        ]
      }
    ],
    "name": "Sign In Module",
    "description": "This sign in feature deals with the sign in functionality of the application",
    "id": "sign-in-module",
    "keyword": "Feature",
    "uri": "A_SignIn.feature"
  },
  {
    "line": 1,
    "elements": [
      {
        "line": 5,
        "name": "Verify that the user can Contact TollPays Admin",
        "description": "",
        "id": "contact-us-module;verify-that-the-user-can-contact-tollpays-admin",
        "after": [
          {
            "result": {
              "duration": 749095900,
              "status": "passed"
            },
            "match": {
              "location": "Hook.TearDownTest(Scenario)"
            }
          }
        ],
        "type": "scenario",
        "keyword": "Scenario",
        "steps": [
          {
            "result": {
              "duration": 6670775000,
              "status": "passed"
            },
            "line": 6,
            "name": "user click on the Contact Us button",
            "match": {
              "location": "ContactUsSD.userClickOnTheContactUsButton()"
            },
            "keyword": "Given "
          },
          {
            "result": {
              "duration": 14539500,
              "status": "passed"
            },
            "line": 7,
            "name": "user is on the Contact Us Screen",
            "match": {
              "location": "ContactUsSD.userIsOnTheContactUsScreen()"
            },
            "keyword": "When "
          },
          {
            "result": {
              "duration": 145420400,
              "status": "passed"
            },
            "line": 8,
            "name": "user select the reason of contact",
            "match": {
              "location": "ContactUsSD.userSelectTheReasonOfContact()"
            },
            "keyword": "And "
          },
          {
            "result": {
              "duration": 161343300,
              "status": "passed"
            },
            "line": 9,
            "name": "user select the account type",
            "match": {
              "location": "ContactUsSD.userSelectTheAccountType()"
            },
            "keyword": "And "
          },
          {
            "result": {
              "duration": 199776300,
              "status": "passed"
            },
            "line": 10,
            "name": "user enter valid email address for contact",
            "match": {
              "location": "ContactUsSD.userEnterValidEmailAddressForContact()"
            },
            "keyword": "And "
          },
          {
            "result": {
              "duration": 258267000,
              "status": "passed"
            },
            "line": 11,
            "name": "user enter message",
            "match": {
              "location": "ContactUsSD.userEnterMessage()"
            },
            "keyword": "And "
          },
          {
            "result": {
              "duration": 209445900,
              "status": "passed"
            },
            "line": 12,
            "name": "user click on the Submit button",
            "match": {
              "location": "ContactUsSD.userClickOnTheSubmitButton()"
            },
            "keyword": "Then "
          }
        ],
        "tags": [
          {
            "line": 4,
            "name": "@D_ContactUs"
          }
        ]
      }
    ],
    "name": "Contact Us Module",
    "description": "This Contact Us feature deals with the Contact Us functionality of the application",
    "id": "contact-us-module",
    "keyword": "Feature",
    "uri": "C_ContactUs.feature"
  }
]